<?xml version="1.0" encoding="utf-8"?><testsuites name="pytest tests"><testsuite name="pytest" errors="0" failures="0" skipped="0" tests="30" time="3.135" timestamp="2026-09-10T14:15:34.181726+00:00" hostname="ruslan"><testcase classname="tests.test_timesfm_economics" name="test_forecast_checks_own_rate_bhp_role_and_shut_controls" time="0.001" /><testcase classname="tests.test_timesfm_economics" name="test_forecast_limits_use_surface_units_groups_and_control_months" time="0.001" /><testcase classname="tests.test_timesfm_economics" name="test_economic_targets_roundtrip_and_reject_incomplete_forecasts" time="0.006" /><testcase classname="tests.test_aios_operating_constraints" name="test_monthly_group_limits_outages_and_watercut" time="0.001" /><testcase classname="tests.test_aios_operating_constraints" name="test_monthly_water_balance_uses_reservoir_deltas_and_explicit_groups" time="0.004" /><testcase classname="tests.test_aios_operating_constraints" name="test_voidage_zero_production_and_invalid_observations" time="0.000" /><testcase classname="tests.test_policy_control_repair" name="test_all_candidate_scores_and_full_well_detail_fit_without_repetition" time="0.001" /><testcase classname="tests.test_policy_control_repair" name="test_invalid_control_gets_one_repair_without_relaxing_constraints" time="0.002" /><testcase classname="tests.test_policy_control_repair" name="test_duplicate_policy_is_returned_to_agent_for_one_correction" time="0.001" /><testcase classname="tests.test_track2_final_selection" name="test_forecast_selection_seal_tamper_and_one_final_attempt" time="0.109" /><testcase classname="tests.test_aios_workflow" name="test_full_cycle_keeps_full_digest_and_real_critic_decision" time="0.059" /><testcase classname="tests.test_aios_workflow" name="test_only_internal_cli_factory_with_owned_client_enables_production_claims" time="0.001" /><testcase classname="tests.test_aios_workflow" name="test_full_cycle_rejects_execution_binding_drift[source-drift]" time="0.053" /><testcase classname="tests.test_aios_workflow" name="test_full_cycle_rejects_execution_binding_drift[commit-drift]" time="0.086" /><testcase classname="tests.test_aios_workflow" name="test_execution_binding_requires_clean_tracked_sources" time="0.027" /><testcase classname="tests.test_aios_workflow" name="test_execution_binding_fails_closed_on_missing_source_or_git" time="0.002" /><testcase classname="tests.test_aios_workflow" name="test_cycle_request_rejects_partial_scope_and_sensitive_context" time="0.013" /><testcase classname="tests.test_aios_workflow" name="test_direct_cycle_request_rejects_one_month_before_prepare_or_qwen" time="0.015" /><testcase classname="tests.test_aios_workflow" name="test_explicit_full_archive_horizon_requires_every_month_and_well" time="0.940" /><testcase classname="tests.test_aios_workflow" name="test_full_cycle_rejects_controls_outside_source_well_scope_before_execution[missing]" time="0.022" /><testcase classname="tests.test_aios_workflow" name="test_full_cycle_rejects_controls_outside_source_well_scope_before_execution[unknown]" time="0.017" /><testcase classname="tests.test_aios_workflow" name="test_full_cycle_rejects_source_role_swap_before_execution" time="0.017" /><testcase classname="tests.test_aios_workflow" name="test_full_cycle_cleans_prepared_tree_after_qwen_rejection" time="0.023" /><testcase classname="tests.test_aios_workflow" name="test_pre_execution_cleanup_refuses_replaced_directory" time="0.001" /><testcase classname="tests.test_aios_workflow" name="test_pre_execution_cleanup_requires_symlink_safe_rmtree" time="0.001" /><testcase classname="tests.test_aios_workflow" name="test_full_cycle_preserves_tree_after_opm_execution_starts" time="0.022" /><testcase classname="tests.test_aios_workflow" name="test_source_control_inventory_uses_latest_role_for_each_month" time="0.000" /><testcase classname="tests.test_aios_workflow" name="test_source_control_inventory_allows_only_shut_zero_before_first_wcon" time="0.000" /><testcase classname="tests.test_aios_workflow" name="test_source_control_inventory_rejects_non_water_injector" time="0.000" /><testcase classname="tests.test_aios_workflow" name="test_single_cli_command_emits_receipt_and_preserves_critic_rejection" time="0.004" /></testsuite></testsuites>