<?xml version="1.0" encoding="utf-8"?><testsuites name="pytest tests"><testsuite name="pytest" errors="0" failures="0" skipped="0" tests="4" time="1.463" timestamp="2026-09-10T14:09:34.276487+00:00" hostname="ruslan"><testcase classname="tests.test_timesfm_scenario_economics" name="test_economic_evaluation_excludes_future_inputs_and_development_csv" time="0.004" /><testcase classname="tests.test_timesfm_scenario_economics" name="test_nine_target_intervals_preserve_units_and_group_coverage" time="0.001" /><testcase classname="tests.test_timesfm_economics" name="test_forecast_limits_use_surface_units_groups_and_control_months" time="0.001" /><testcase classname="tests.test_timesfm_economics" name="test_economic_targets_roundtrip_and_reject_incomplete_forecasts" time="0.004" /></testsuite></testsuites>